The following modules were not unloaded:
  (Use "module --force purge" to unload all):

  1) gold/2.1.5.0   2) StdEnv

The following have been reloaded with a version change:
  1) GCCcore/7.3.0 => GCCcore/6.4.0
  2) binutils/2.30-GCCcore-7.3.0 => binutils/2.28-GCCcore-6.4.0
  3) icc/2018.3.222-GCC-7.3.0-2.30 => icc/2018.1.163-GCC-6.4.0-2.28
  4) iccifort/2018.3.222-GCC-7.3.0-2.30 => iccifort/2018.1.163-GCC-6.4.0-2.28
  5) ifort/2018.3.222-GCC-7.3.0-2.30 => ifort/2018.1.163-GCC-6.4.0-2.28
  6) iimpi/2018b => iimpi/2018a
  7) imkl/2018.3.222-iimpi-2018b => imkl/2018.1.163-iimpi-2018a
  8) impi/2018.3.222-iccifort-2018.3.222-GCC-7.3.0-2.30 => impi/2018.1.163-iccifort-2018.1.163-GCC-6.4.0-2.28
  9) intel/2018b => intel/2018a

hallo
CHI_NW: 10.00
CHI_AT: 0.00
CHI_GC: 0.00
CHI_PW: 0.00
CHI_PP: 0.00
5, P-S-P-S, -154.8
5, S-P-S-A, 54.8
5, A-S-P-S, -32.80
5, C-S-P-S, -34.1
5, T-S-P-S, -44.8
5, S-P-S-T, 58.0
5, S-P-S-C, 57.0
5, S-P-S-G, 53.9
5, S-P-S-P, -179.2
5, G-S-P-S, -29.11
 ========================================
        * * * I. O. P. C. * * *          
  Input Program for Parallel Occam Code  
  ver. 1.7                               
 ========================================
 
 > insert [1] for input program
 > insert [2] for output program
 > insert [3] for help
 > Insert the total number of molecules: 
 > Insert the total number of particles: 
 > Insert the total number of molecule A: 
 > Insert the number of particles in molecule A: 
 > Insert the total number of molecule B: 
 > Insert the number of particles in molecule B: 
 > Insert the total number of molecule C: 
 > Insert the number of particles in molecule C: 
 > Insert the total number of molecule D: 
 > Insert the number of particles in molecule D: 
 > Velocity read [1] yes, [2] no: 
 > Insert the number of CPU: 
 ----------------------------------------
           1
           1
  > the number of mol. A, B, C and total in every CPU:
            proc         mol.A       mol.B       mol.C     mold.D        total 
 CPU           1           1         132         102       13734       13969
 CPU           2           1         133         101       13733       13968
 ---------------------------------------
 > End Input Program
 process           0 of           2 is alive
 process           1 of           2 is alive
srun: Job step aborted: Waiting up to 32 seconds for job step to finish.
slurmstepd: error: *** STEP 1631377.0 ON c3-2 CANCELLED AT 2019-05-22T17:31:44 ***
slurmstepd: error: *** JOB 1631377 ON c3-2 CANCELLED AT 2019-05-22T17:31:44 ***

Task and CPU usage stats:
       JobID    JobName  AllocCPUS   NTasks     MinCPU MinCPUTask     AveCPU    Elapsed ExitCode 
------------ ---------- ---------- -------- ---------- ---------- ---------- ---------- -------- 
1631377      OPTIMIZE_+          2                                             00:00:20      0:0 
1631377.bat+      batch          2        1   00:00:00          0   00:00:00   00:00:21     0:15 
1631377.0    occamcgmpi          2        2   00:00:00          1   00:00:02   00:00:06      1:0 

Memory usage stats:
       JobID     MaxRSS MaxRSSTask     AveRSS MaxPages   MaxPagesTask   AvePages 
------------ ---------- ---------- ---------- -------- -------------- ---------- 
1631377                                                                          
1631377.bat+      1120K          0      1120K        0              0          0 
1631377.0        30196K          0     15556K        0              1          0 

Disk usage stats:
       JobID  MaxDiskRead MaxDiskReadTask    AveDiskRead MaxDiskWrite MaxDiskWriteTask   AveDiskWrite 
------------ ------------ --------------- -------------- ------------ ---------------- -------------- 
1631377                                                                                               
1631377.bat+            0           65534              0            0            65534              0 
1631377.0          30.85M               0         15.42M        1.19M                0          0.59M 

Job 1631377 completed at Wed May 22 17:31:47 CEST 2019
