The following modules were not unloaded:
  (Use "module --force purge" to unload all):

  1) gold/2.1.5.0   2) StdEnv

The following have been reloaded with a version change:
  1) GCCcore/7.3.0 => GCCcore/6.4.0
  2) binutils/2.30-GCCcore-7.3.0 => binutils/2.28-GCCcore-6.4.0
  3) icc/2018.3.222-GCC-7.3.0-2.30 => icc/2018.1.163-GCC-6.4.0-2.28
  4) iccifort/2018.3.222-GCC-7.3.0-2.30 => iccifort/2018.1.163-GCC-6.4.0-2.28
  5) ifort/2018.3.222-GCC-7.3.0-2.30 => ifort/2018.1.163-GCC-6.4.0-2.28
  6) iimpi/2018b => iimpi/2018a
  7) imkl/2018.3.222-iimpi-2018b => imkl/2018.1.163-iimpi-2018a
  8) impi/2018.3.222-iccifort-2018.3.222-GCC-7.3.0-2.30 => impi/2018.1.163-iccifort-2018.1.163-GCC-6.4.0-2.28
  9) intel/2018b => intel/2018a


The following have been reloaded with a version change:
  1) GCCcore/6.4.0 => GCCcore/7.3.0
  2) binutils/2.28-GCCcore-6.4.0 => binutils/2.30-GCCcore-7.3.0
  3) icc/2018.1.163-GCC-6.4.0-2.28 => icc/2018.3.222-GCC-7.3.0-2.30
  4) iccifort/2018.1.163-GCC-6.4.0-2.28 => iccifort/2018.3.222-GCC-7.3.0-2.30
  5) ifort/2018.1.163-GCC-6.4.0-2.28 => ifort/2018.3.222-GCC-7.3.0-2.30
  6) iimpi/2018a => iimpi/2018b
  7) imkl/2018.1.163-iimpi-2018a => imkl/2018.3.222-iimpi-2018b
  8) impi/2018.1.163-iccifort-2018.1.163-GCC-6.4.0-2.28 => impi/2018.3.222-iccifort-2018.3.222-GCC-7.3.0-2.30
  9) intel/2018a => intel/2018b

NUMBER OF PROCESSORS USED: 10
/home/sigbjobo/.local/lib/python3.7/site-packages/sklearn/externals/joblib/__init__.py:15: DeprecationWarning: sklearn.externals.joblib is deprecated in 0.21 and will be removed in 0.23. Please import this functionality directly from joblib, which can be installed with: pip install joblib. If this warning is raised when loading pickled models, you may need to re-serialize those models with scikit-learn 0.21+.
  warnings.warn(msg, category=DeprecationWarning)
Starting optimization....
Number of intial steps: 10
Number of optimization steps: 60
CHI_NW: 7.62
CHI_AT: -24.43
CHI_GC: -24.43
CHI_PW: -6.91
CHI_PP: 0.00
8, P-S-P-S, -154.8
8, T-S-P-S, -44.8
8, S-P-S-A, 54.8
8, S-P-S-P, -179.2
8, S-P-S-T, 58.0
8, C-S-P-S, -34.1
8, G-S-P-S, -29.11
8, S-P-S-C, 57.0
8, S-P-S-G, 53.9
8, A-S-P-S, -32.80
COMPILING
mpif90 -fc=ifort  -O2      -c -o main.o main.F
mpif90 -fc=ifort  -O2      -c -o ofiles.o ofiles.F
mpif90 -fc=ifort  -O2      -c -o getdata.o getdata.F
mpif90 -fc=ifort  -O2      -c -o rdconf.o rdconf.F
mpif90 -fc=ifort  -O2      -c -o rdparam.o rdparam.F
mpif90 -fc=ifort  -O2      -c -o checkcon.o checkcon.F
mpif90 -fc=ifort  -O2      -c -o setlis.o setlis.F
mpif90 -fc=ifort  -O2      -c -o intraprep.o intraprep.F
mpif90 -fc=ifort  -O2      -c -o nlalloc.o nlalloc.F
mpif90 -fc=ifort  -O2      -c -o vecprep.o vecprep.F
mpif90 -fc=ifort  -O2      -c -o pbc.o pbc.F
mpif90 -fc=ifort  -O2      -c -o wtrj.o wtrj.F
mpif90 -fc=ifort  -O2      -c -o scf_prep.o scf_prep.F
mpif90 -fc=ifort  -O2      -c -o indexing.o indexing.F
mpif90 -fc=ifort  -O2      -c -o mdcycle.o mdcycle.F
mpif90 -fc=ifort  -O2      -c -o therminit.o therminit.F
mpif90 -fc=ifort  -O2      -c -o mdinit.o mdinit.F
mpif90 -fc=ifort  -O2      -c -o nlist.o nlist.F
mpif90 -fc=ifort  -O2      -c -o dens_cell.o dens_cell.F
mpif90 -fc=ifort  -O2      -c -o chrg_dens_cell.o chrg_dens_cell.F
mpif90 -fc=ifort  -O2      -c -o dens_acc.o dens_acc.F
mpif90 -fc=ifort  -O2      -c -o chrg_dens_acc.o chrg_dens_acc.F
mpif90 -fc=ifort  -O2      -c -o dens_upd.o dens_upd.F
mpif90 -fc=ifort  -O2      -c -o chrg_dens_upd.o chrg_dens_upd.F
mpif90 -fc=ifort  -O2      -c -o fft_parallel.o fft_parallel.F
mpif90 -fc=ifort  -O2      -c -o gfield5.o gfield5.F
mpif90 -fc=ifort  -O2      -c -o chrg_gfield5.o chrg_gfield5.F
mpif90 -fc=ifort  -O2      -c -o dens_xyz3.o dens_xyz3.F
mpif90 -fc=ifort  -O2      -c -o chrg_dens_xyz.o chrg_dens_xyz.F
mpif90 -fc=ifort  -O2      -c -o force.o force.F
mpif90 -fc=ifort  -O2      -c -o fbond.o fbond.F
mpif90 -fc=ifort  -O2      -c -o fdihedral.o fdihedral.F
mpif90 -fc=ifort  -O2      -c -o fangle.o fangle.F
mpif90 -fc=ifort  -O2      -c -o fangle_cos.o fangle_cos.F
mpif90 -fc=ifort  -O2      -c -o fnb.o fnb.F
mpif90 -fc=ifort  -O2      -c -o f_mfield.o f_mfield.F
mpif90 -fc=ifort  -O2      -c -o f_elec.o f_elec.F
mpif90 -fc=ifort  -O2      -c -o f_mfield2.o f_mfield2.F
mpif90 -fc=ifort  -O2      -c -o pot_store.o pot_store.F
mpif90 -fc=ifort  -O2      -c -o cinet.o cinet.F
mpif90 -fc=ifort  -O2      -c -o wvalues.o wvalues.F
mpif90 -fc=ifort  -O2      -c -o integrate.o integrate.F
mpif90 -fc=ifort  -O2      -c -o pot_conv.o pot_conv.F
mpif90 -fc=ifort  -O2      -c -o velgen.o velgen.F
mpif90 -fc=ifort  -O2      -c -o bscal.o bscal.F
mpif90 -fc=ifort  -O2      -c -o tscal.o tscal.F
mpif90 -fc=ifort  -O2      -c -o haltd.o haltd.F
mpif90 -fc=ifort  -O2      -c -o andersen.o andersen.F
mpif90 -fc=ifort  -O2      -c -o wconf.o wconf.F
mpif90 -fc=ifort  -O2      -c -o pscal.o pscal.F
mpif90 -fc=ifort  -O2      -c -o mpibcast.o mpibcast.F
mpif90 -fc=ifort  -O2      -c -o finalize.o finalize.F
mpif90 -fc=ifort  -O2    main.o ofiles.o getdata.o rdpampi.o rdconf.o scfstuff.o buffers.o rdparam.o checkcon.o setlis.o nlstuff.o intraprep.o nlalloc.o vecprep.o pbc.o wtrj.o scf_prep.o indexing.o mdcycle.o therminit.o thermo.o mdinit.o nlist.o dens_cell.o chrg_dens_cell.o dens_acc.o chrg_dens_acc.o dens_upd.o chrg_dens_upd.o fft_parallel.o gfield5.o chrg_gfield5.o dens_xyz3.o chrg_dens_xyz.o force.o fbond.o fdihedral.o fangle.o fangle_cos.o fnb.o f_mfield.o f_elec.o f_mfield2.o pot_store.o cinet.o wvalues.o integrate.o pot_conv.o velgen.o bscal.o tscal.o haltd.o andersen.o wconf.o pscal.o mpibcast.o finalize.o -o occamcgmpi  -lfftw3 -lm -I/usr/local/include		
ifort    -O0 -g -C -fpe0 -traceback    -c -o main.o main.F
ifort    -O0 -g -C -fpe0 -traceback    -c -o varsh.o varsh.F
ifort    -O0 -g -C -fpe0 -traceback    -c -o rdconf.o rdconf.F
ifort    -O0 -g -C -fpe0 -traceback    -c -o rdconf_vel.o rdconf_vel.F
ifort    -O0 -g -C -fpe0 -traceback    -c -o wrconf_vel.o wrconf_vel.F
ifort    -O0 -g -C -fpe0 -traceback    -c -o wrconf.o wrconf.F
ifort    -O0 -g -C -fpe0 -traceback    -c -o input.o input.F
ifort    -O0 -g -C -fpe0 -traceback    -c -o ofile.o ofile.F
ifort    -O0 -g -C -fpe0 -traceback    -c -o wtrj.o wtrj.F
ifort    -O0 -g -C -fpe0 -traceback    -c -o main.o main.F
ifort    -O0 -g -C -fpe0 -traceback    -c -o varsh.o varsh.F
ifort    -O0 -g -C -fpe0 -traceback    -c -o rdconf.o rdconf.F
ifort    -O0 -g -C -fpe0 -traceback    -c -o rdconf_vel.o rdconf_vel.F
ifort    -O0 -g -C -fpe0 -traceback    -c -o wrconf_vel.o wrconf_vel.F
ifort    -O0 -g -C -fpe0 -traceback    -c -o wrconf.o wrconf.F
ifort    -O0 -g -C -fpe0 -traceback    -c -o input.o input.F
ifort    -O0 -g -C -fpe0 -traceback    -c -o ofile.o ofile.F
ifort    -O0 -g -C -fpe0 -traceback    -c -o wtrj.o wtrj.F
 ========================================
        * * * I. O. P. C. * * *          
  Input Program for Parallel Occam Code  
  ver. 1.7                               
 ========================================
 
 > insert [1] for input program
 > insert [2] for output program
 > insert [3] for help
 > Insert the total number of molecules: 
 > Insert the total number of particles: 
 > Insert the total number of molecule A: 
 > Insert the number of particles in molecule A: 
 > Insert the total number of molecule B: 
 > Insert the number of particles in molecule B: 
 > Insert the total number of molecule C: 
 > Insert the number of particles in molecule C: 
 > Insert the total number of molecule D: 
 > Insert the number of particles in molecule D: 
 > Velocity read [1] yes, [2] no: 
 > Insert the number of CPU: 
 ----------------------------------------
           5
           5
  > the number of mol. A, B, C and total in every CPU:
            proc         mol.A       mol.B       mol.C     mold.D        total 
 CPU           1           1          26          21        2747        2795
 CPU           2           1          26          21        2747        2795
 CPU           3           0          26          21        2747        2794
 CPU           4           0          26          20        2747        2793
 CPU           5           0          26          20        2747        2793
 CPU           6           0          27          20        2747        2794
 CPU           7           0          27          20        2747        2794
 CPU           8           0          27          20        2746        2793
 CPU           9           0          27          20        2746        2793
 CPU          10           0          27          20        2746        2793
 ---------------------------------------
 > End Input Program
 process           2 of          10 is alive
 process           1 of          10 is alive
 process           3 of          10 is alive
 process           8 of          10 is alive
 process           9 of          10 is alive
 process           0 of          10 is alive
 process           7 of          10 is alive
 process           6 of          10 is alive
 process           4 of          10 is alive
 process           5 of          10 is alive
srun: Job step aborted: Waiting up to 32 seconds for job step to finish.
slurmstepd: error: *** STEP 1652635.0 ON c3-8 CANCELLED AT 2019-06-05T16:23:42 ***
slurmstepd: error: *** JOB 1652635 ON c3-8 CANCELLED AT 2019-06-05T16:23:42 ***

Task and CPU usage stats:
       JobID    JobName  AllocCPUS   NTasks     MinCPU MinCPUTask     AveCPU    Elapsed ExitCode 
------------ ---------- ---------- -------- ---------- ---------- ---------- ---------- -------- 
1652635      OPTIMIZE_+         10                                             00:02:57      0:0 
1652635.bat+      batch         10        1   00:00:00          0   00:00:00   00:02:57     0:15 
1652635.0    occamcgmpi         10       10   00:00:59          7   00:01:06   00:01:07      1:0 

Memory usage stats:
       JobID     MaxRSS MaxRSSTask     AveRSS MaxPages   MaxPagesTask   AvePages 
------------ ---------- ---------- ---------- -------- -------------- ---------- 
1652635                                                                          
1652635.bat+     65060K          0     52368K     267K              0       267K 
1652635.0        30376K          2  22414.80K      13K              1     11.10K 

Disk usage stats:
       JobID  MaxDiskRead MaxDiskReadTask    AveDiskRead MaxDiskWrite MaxDiskWriteTask   AveDiskWrite 
------------ ------------ --------------- -------------- ------------ ---------------- -------------- 
1652635                                                                                               
1652635.bat+      994.71M               0        994.71M       34.92M                0         34.92M 
1652635.0          31.04M               3         25.05M        0.21M                0          0.05M 

Job 1652635 completed at Wed Jun 5 16:23:43 CEST 2019
