This is pdfTeX, Version 3.14159265-2.6-1.40.17 (TeX Live 2016/Debian) (preloaded format=pdflatex 2018.10.4)  22 OCT 2019 16:38
entering extended mode
 restricted \write18 enabled.
 %&-line parsing enabled.
**molecule_defs.tex
(./molecule_defs.tex
LaTeX2e <2017/01/01> patch level 3
Babel <3.9r> and hyphenation patterns for 83 language(s) loaded.
! Undefined control sequence.
l.34 \tikzset
             {oxygen/.style={circle, ball color=red, minimum size=3mm, inner...

? x
 
Here is how much of TeX's memory you used:
 15 strings out of 493013
 251 string characters out of 6135682
 53278 words of memory out of 5000000
 3659 multiletter control sequences out of 15000+600000
 3640 words of font info for 14 fonts, out of 8000000 for 9000
 1141 hyphenation exceptions out of 8191
 7i,0n,6p,101b,8s stack positions out of 5000i,500n,10000p,200000b,80000s
No pages of output.
PDF statistics:
 0 PDF objects out of 1000 (max. 8388607)
 0 named destinations out of 1000 (max. 500000)
 1 words of extra memory for PDF output out of 10000 (max. 10000000)

