This is pdfTeX, Version 3.14159265-2.6-1.40.17 (TeX Live 2016/Debian) (preloaded format=pdflatex 2018.10.4)  14 AUG 2019 08:40
entering extended mode
 restricted \write18 enabled.
 %&-line parsing enabled.
**./.WATER_CONTROL.tex.swp
(./.WATER_CONTROL.tex.swp
LaTeX2e <2017/01/01> patch level 3
Babel <3.9r> and hyphenation patterns for 83 language(s) loaded.

! LaTeX Error: Missing \begin{document}.

See the LaTeX manual or LaTeX Companion for explanation.
Type  H <return>  for immediate help.
 ...                                              
                                                  
l.1 b
     0VIM 8.0^^@^^@^^@^^@^^P^^@^^@7:\´^^PÒ^^@ª^^V^^@^^@sigbjobo^^@^^@^^@^^@...

You're in trouble here.  Try typing  <return>  to proceed.
If that doesn't work, type  X <return>  to quit.

Missing character: There is no b in font nullfont!
Missing character: There is no 0 in font nullfont!
Missing character: There is no V in font nullfont!
Missing character: There is no I in font nullfont!
Missing character: There is no M in font nullfont!
Missing character: There is no 8 in font nullfont!
Missing character: There is no . in font nullfont!
Missing character: There is no 0 in font nullfont!
! Text line contains an invalid character.
l.1 b0VIM 8.0^^@
                ^^@^^@^^@^^P^^@^^@7:\´^^PÒ^^@ª^^V^^@^^@sigbjobo^^@^^@^^@^^@...
A funny symbol that I can't read has just been input.
Continue, and I'll forget that it ever happened.

! Text line contains an invalid character.
l.1 b0VIM 8.0^^@^^@
                   ^^@^^@^^P^^@^^@7:\´^^PÒ^^@ª^^V^^@^^@sigbjobo^^@^^@^^@^^@...
A funny symbol that I can't read has just been input.
Continue, and I'll forget that it ever happened.

! Text line contains an invalid character.
l.1 b0VIM 8.0^^@^^@^^@
                      ^^@^^P^^@^^@7:\´^^PÒ^^@ª^^V^^@^^@sigbjobo^^@^^@^^@^^@...
A funny symbol that I can't read has just been input.
Continue, and I'll forget that it ever happened.

! Text line contains an invalid character.
l.1 b0VIM 8.0^^@^^@^^@^^@
                         ^^P^^@^^@7:\´^^PÒ^^@ª^^V^^@^^@sigbjobo^^@^^@^^@^^@...
A funny symbol that I can't read has just been input.
Continue, and I'll forget that it ever happened.

! Text line contains an invalid character.
l.1 b0VIM 8.0^^@^^@^^@^^@^^P
                            ^^@^^@7:\´^^PÒ^^@ª^^V^^@^^@sigbjobo^^@^^@^^@^^@...
A funny symbol that I can't read has just been input.
Continue, and I'll forget that it ever happened.

! Text line contains an invalid character.
l.1 b0VIM 8.0^^@^^@^^@^^@^^P^^@
                               ^^@7:\´^^PÒ^^@ª^^V^^@^^@sigbjobo^^@^^@^^@^^@...
A funny symbol that I can't read has just been input.
Continue, and I'll forget that it ever happened.

! Text line contains an invalid character.
l.1 b0VIM 8.0^^@^^@^^@^^@^^P^^@^^@
                                  7:\´^^PÒ^^@ª^^V^^@^^@sigbjobo^^@^^@^^@^^@...
A funny symbol that I can't read has just been input.
Continue, and I'll forget that it ever happened.

Missing character: There is no 7 in font nullfont!
Missing character: There is no : in font nullfont!
Missing character: There is no  in font nullfont!
! Undefined control sequence.
l.1 b0VIM 8.0^^@^^@^^@^^@^^P^^@^^@7:\´
                                       ^^PÒ^^@ª^^V^^@^^@sigbjobo^^@^^@^^@^^@...
The control sequence at the end of the top line
of your error message was never \def'ed. If you have
misspelled it (e.g., `\hobx'), type `I' and the correct
spelling (e.g., `I\hbox'). Otherwise just continue,
and I'll forget about whatever was undefined.

! Text line contains an invalid character.
l.1 b0VIM 8.0^^@^^@^^@^^@^^P^^@^^@7:\´^^P
                                          Ò^^@ª^^V^^@^^@sigbjobo^^@^^@^^@^^@...
A funny symbol that I can't read has just been input.
Continue, and I'll forget that it ever happened.

Missing character: There is no Ò in font nullfont!
! Text line contains an invalid character.
l.1 b0VIM 8.0^^@^^@^^@^^@^^P^^@^^@7:\´^^PÒ^^@
                                              ª^^V^^@^^@sigbjobo^^@^^@^^@^^@...
A funny symbol that I can't read has just been input.
Continue, and I'll forget that it ever happened.

Missing character: There is no ª in font nullfont!
! Text line contains an invalid character.
l.1 b0VIM 8.0^^@^^@^^@^^@^^P^^@^^@7:\´^^PÒ^^@ª^^V
                                                  ^^@^^@sigbjobo^^@^^@^^@^^@...
A funny symbol that I can't read has just been input.
Continue, and I'll forget that it ever happened.

! Text line contains an invalid character.
l.1 ...8.0^^@^^@^^@^^@^^P^^@^^@7:\´^^PÒ^^@ª^^V^^@
                                                  ^^@sigbjobo^^@^^@^^@^^@^^@...
A funny symbol that I can't read has just been input.
Continue, and I'll forget that it ever happened.

! Text line contains an invalid character.
l.1 ...^^@^^@^^@^^@^^P^^@^^@7:\´^^PÒ^^@ª^^V^^@^^@
                                                  sigbjobo^^@^^@^^@^^@^^@^^@...
A funny symbol that I can't read has just been input.
Continue, and I'll forget that it ever happened.

Missing character: There is no s in font nullfont!
Missing character: There is no i in font nullfont!
Missing character: There is no g in font nullfont!
Missing character: There is no b in font nullfont!
Missing character: There is no j in font nullfont!
Missing character: There is no o in font nullfont!
Missing character: There is no b in font nullfont!
Missing character: There is no o in font nullfont!
! Text line contains an invalid character.
l.1 ...@^^P^^@^^@7:\´^^PÒ^^@ª^^V^^@^^@sigbjobo^^@
                                                  ^^@^^@^^@^^@^^@^^@^^@^^@^^...
A funny symbol that I can't read has just been input.
Continue, and I'll forget that it ever happened.

! Text line contains an invalid character.
l.1 ...P^^@^^@7:\´^^PÒ^^@ª^^V^^@^^@sigbjobo^^@^^@
                                                  ^^@^^@^^@^^@^^@^^@^^@^^@^^...
A funny symbol that I can't read has just been input.
Continue, and I'll forget that it ever happened.

! Text line contains an invalid character.
l.1 ...@^^@7:\´^^PÒ^^@ª^^V^^@^^@sigbjobo^^@^^@^^@
                                                  ^^@^^@^^@^^@^^@^^@^^@^^@^^...
A funny symbol that I can't read has just been input.
Continue, and I'll forget that it ever happened.

! Text line contains an invalid character.
l.1 ...@7:\´^^PÒ^^@ª^^V^^@^^@sigbjobo^^@^^@^^@^^@
                                                  ^^@^^@^^@^^@^^@^^@^^@^^@^^...
A funny symbol that I can't read has just been input.
Continue, and I'll forget that it ever happened.

! Text line contains an invalid character.
l.1 ...\´^^PÒ^^@ª^^V^^@^^@sigbjobo^^@^^@^^@^^@^^@
                                                  ^^@^^@^^@^^@^^@^^@^^@^^@^^...
A funny symbol that I can't read has just been input.
Continue, and I'll forget that it ever happened.

! Text line contains an invalid character.
l.1 ...^^PÒ^^@ª^^V^^@^^@sigbjobo^^@^^@^^@^^@^^@^^@
                                                  ^^@^^@^^@^^@^^@^^@^^@^^@^^...
A funny symbol that I can't read has just been input.
Continue, and I'll forget that it ever happened.

! Text line contains an invalid character.
l.1 ...Ò^^@ª^^V^^@^^@sigbjobo^^@^^@^^@^^@^^@^^@^^@
                                                  ^^@^^@^^@^^@^^@^^@^^@^^@^^...
A funny symbol that I can't read has just been input.
Continue, and I'll forget that it ever happened.

! Text line contains an invalid character.
l.1 ...@ª^^V^^@^^@sigbjobo^^@^^@^^@^^@^^@^^@^^@^^@
                                                  ^^@^^@^^@^^@^^@^^@^^@^^@^^...
A funny symbol that I can't read has just been input.
Continue, and I'll forget that it ever happened.

! Text line contains an invalid character.
l.1 ...^V^^@^^@sigbjobo^^@^^@^^@^^@^^@^^@^^@^^@^^@
                                                  ^^@^^@^^@^^@^^@^^@^^@^^@^^...
A funny symbol that I can't read has just been input.
Continue, and I'll forget that it ever happened.

! Text line contains an invalid character.
l.1 ...^@^^@sigbjobo^^@^^@^^@^^@^^@^^@^^@^^@^^@^^@
                                                  ^^@^^@^^@^^@^^@^^@^^@^^@^^...
A funny symbol that I can't read has just been input.
Continue, and I'll forget that it ever happened.

! Text line contains an invalid character.
l.1 ...^@sigbjobo^^@^^@^^@^^@^^@^^@^^@^^@^^@^^@^^@
                                                  ^^@^^@^^@^^@^^@^^@^^@^^@^^...
A funny symbol that I can't read has just been input.
Continue, and I'll forget that it ever happened.

! Text line contains an invalid character.
l.1 ...igbjobo^^@^^@^^@^^@^^@^^@^^@^^@^^@^^@^^@^^@
                                                  ^^@^^@^^@^^@^^@^^@^^@^^@^^...
A funny symbol that I can't read has just been input.
Continue, and I'll forget that it ever happened.

! Text line contains an invalid character.
l.1 ...jobo^^@^^@^^@^^@^^@^^@^^@^^@^^@^^@^^@^^@^^@
                                                  ^^@^^@^^@^^@^^@^^@^^@^^@^^...
A funny symbol that I can't read has just been input.
Continue, and I'll forget that it ever happened.

! Text line contains an invalid character.
l.1 ...o^^@^^@^^@^^@^^@^^@^^@^^@^^@^^@^^@^^@^^@^^@
                                                  ^^@^^@^^@^^@^^@^^@^^@^^@^^...
A funny symbol that I can't read has just been input.
Continue, and I'll forget that it ever happened.

! Text line contains an invalid character.
l.1 ...@^^@^^@^^@^^@^^@^^@^^@^^@^^@^^@^^@^^@^^@^^@
                                                  ^^@^^@^^@^^@^^@^^@^^@^^@^^...
A funny symbol that I can't read has just been input.
Continue, and I'll forget that it ever happened.

! Text line contains an invalid character.
l.1 ...@^^@^^@^^@^^@^^@^^@^^@^^@^^@^^@^^@^^@^^@^^@
                                                  ^^@^^@^^@^^@^^@^^@^^@^^@^^...
A funny symbol that I can't read has just been input.
Continue, and I'll forget that it ever happened.

! Text line contains an invalid character.
l.1 ...@^^@^^@^^@^^@^^@^^@^^@^^@^^@^^@^^@^^@^^@^^@
                                                  ^^@^^@^^@^^@^^@^^@^^@^^@^^...
A funny symbol that I can't read has just been input.
Continue, and I'll forget that it ever happened.

! Text line contains an invalid character.
l.1 ...@^^@^^@^^@^^@^^@^^@^^@^^@^^@^^@^^@^^@^^@^^@
                                                  ^^@^^@^^@^^@^^@^^@^^@^^@^^...
A funny symbol that I can't read has just been input.
Continue, and I'll forget that it ever happened.

! Text line contains an invalid character.
l.1 ...@^^@^^@^^@^^@^^@^^@^^@^^@^^@^^@^^@^^@^^@^^@
                                                  ^^@^^@^^@^^@^^@^^@^^@^^@^^...
A funny symbol that I can't read has just been input.
Continue, and I'll forget that it ever happened.

! Text line contains an invalid character.
l.1 ...@^^@^^@^^@^^@^^@^^@^^@^^@^^@^^@^^@^^@^^@^^@
                                                  ^^@^^@^^@^^@^^@^^@^^@^^@^^...
A funny symbol that I can't read has just been input.
Continue, and I'll forget that it ever happened.

! Text line contains an invalid character.
l.1 ...@^^@^^@^^@^^@^^@^^@^^@^^@^^@^^@^^@^^@^^@^^@
                                                  ^^@^^@^^@^^@^^@^^@^^@^^@^^...
A funny symbol that I can't read has just been input.
Continue, and I'll forget that it ever happened.

! Text line contains an invalid character.
l.1 ...@^^@^^@^^@^^@^^@^^@^^@^^@^^@^^@^^@^^@^^@^^@
                                                  ^^@^^@^^@^^@^^@^^@^^@^^@^^...
A funny symbol that I can't read has just been input.
Continue, and I'll forget that it ever happened.

! Text line contains an invalid character.
l.1 ...@^^@^^@^^@^^@^^@^^@^^@^^@^^@^^@^^@^^@^^@^^@
                                                  ^^@^^@^^@^^@^^@^^@^^@^^@^^...
A funny symbol that I can't read has just been input.
Continue, and I'll forget that it ever happened.

! Text line contains an invalid character.
l.1 ...@^^@^^@^^@^^@^^@^^@^^@^^@^^@^^@^^@^^@^^@^^@
                                                  ^^@^^@^^@^^@^^@^^@^^@^^@si...
A funny symbol that I can't read has just been input.
Continue, and I'll forget that it ever happened.

! Text line contains an invalid character.
l.1 ...@^^@^^@^^@^^@^^@^^@^^@^^@^^@^^@^^@^^@^^@^^@
                                                  ^^@^^@^^@^^@^^@^^@^^@sigbj...
A funny symbol that I can't read has just been input.
Continue, and I'll forget that it ever happened.

! Text line contains an invalid character.
l.1 ...@^^@^^@^^@^^@^^@^^@^^@^^@^^@^^@^^@^^@^^@^^@
                                                  ^^@^^@^^@^^@^^@^^@sigbjobo...
A funny symbol that I can't read has just been input.
Continue, and I'll forget that it ever happened.

! Text line contains an invalid character.
l.1 ...@^^@^^@^^@^^@^^@^^@^^@^^@^^@^^@^^@^^@^^@^^@
                                                  ^^@^^@^^@^^@^^@sigbjobo^^@...
A funny symbol that I can't read has just been input.
Continue, and I'll forget that it ever happened.

! Text line contains an invalid character.
l.1 ...@^^@^^@^^@^^@^^@^^@^^@^^@^^@^^@^^@^^@^^@^^@
                                                  ^^@^^@^^@^^@sigbjobo^^@^^@...
A funny symbol that I can't read has just been input.
Continue, and I'll forget that it ever happened.

! Text line contains an invalid character.
l.1 ...@^^@^^@^^@^^@^^@^^@^^@^^@^^@^^@^^@^^@^^@^^@
                                                  ^^@^^@^^@sigbjobo^^@^^@^^@...
A funny symbol that I can't read has just been input.
Continue, and I'll forget that it ever happened.

! Text line contains an invalid character.
l.1 ...@^^@^^@^^@^^@^^@^^@^^@^^@^^@^^@^^@^^@^^@^^@
                                                  ^^@^^@sigbjobo^^@^^@^^@^^@...
A funny symbol that I can't read has just been input.
Continue, and I'll forget that it ever happened.

! Text line contains an invalid character.
l.1 ...@^^@^^@^^@^^@^^@^^@^^@^^@^^@^^@^^@^^@^^@^^@
                                                  ^^@sigbjobo^^@^^@^^@^^@^^@...
A funny symbol that I can't read has just been input.
Continue, and I'll forget that it ever happened.

! Text line contains an invalid character.
l.1 ...@^^@^^@^^@^^@^^@^^@^^@^^@^^@^^@^^@^^@^^@^^@
                                                  sigbjobo^^@^^@^^@^^@^^@^^@...
A funny symbol that I can't read has just been input.
Continue, and I'll forget that it ever happened.

Missing character: There is no s in font nullfont!
Missing character: There is no i in font nullfont!
Missing character: There is no g in font nullfont!
Missing character: There is no b in font nullfont!
Missing character: There is no j in font nullfont!
Missing character: There is no o in font nullfont!
Missing character: There is no b in font nullfont!
Missing character: There is no o in font nullfont!
! Text line contains an invalid character.
l.1 ...^@^^@^^@^^@^^@^^@^^@^^@^^@^^@^^@sigbjobo^^@
                                                  ^^@^^@^^@^^@^^@^^@^^@^^@^^...
A funny symbol that I can't read has just been input.
Continue, and I'll forget that it ever happened.

! Text line contains an invalid character.
l.1 ...^@^^@^^@^^@^^@^^@^^@^^@^^@^^@sigbjobo^^@^^@
                                                  ^^@^^@^^@^^@^^@^^@^^@^^@^^...
A funny symbol that I can't read has just been input.
Continue, and I'll forget that it ever happened.

! Text line contains an invalid character.
l.1 ...^@^^@^^@^^@^^@^^@^^@^^@^^@sigbjobo^^@^^@^^@
                                                  ^^@^^@^^@^^@^^@^^@^^@^^@^^...
A funny symbol that I can't read has just been input.
Continue, and I'll forget that it ever happened.

! Text line contains an invalid character.
l.1 ...^@^^@^^@^^@^^@^^@^^@^^@sigbjobo^^@^^@^^@^^@
                                                  ^^@^^@^^@^^@^^@^^@^^@^^@^^...
A funny symbol that I can't read has just been input.
Continue, and I'll forget that it ever happened.

! Text line contains an invalid character.
l.1 ...^@^^@^^@^^@^^@^^@^^@sigbjobo^^@^^@^^@^^@^^@
                                                  ^^@^^@^^@^^@^^@^^@^^@^^@^^...
A funny symbol that I can't read has just been input.
Continue, and I'll forget that it ever happened.

! Text line contains an invalid character.
l.1 ...^@^^@^^@^^@^^@^^@sigbjobo^^@^^@^^@^^@^^@^^@
                                                  ^^@^^@^^@^^@^^@^^@^^@^^@^^...
A funny symbol that I can't read has just been input.
Continue, and I'll forget that it ever happened.

! Text line contains an invalid character.
l.1 ...^@^^@^^@^^@^^@sigbjobo^^@^^@^^@^^@^^@^^@^^@
                                                  ^^@^^@^^@^^@^^@^^@^^@^^@^^...
A funny symbol that I can't read has just been input.
Continue, and I'll forget that it ever happened.

! Text line contains an invalid character.
l.1 ...^@^^@^^@^^@sigbjobo^^@^^@^^@^^@^^@^^@^^@^^@
                                                  ^^@^^@^^@^^@^^@^^@^^@^^@^^...
A funny symbol that I can't read has just been input.
Continue, and I'll forget that it ever happened.

! Text line contains an invalid character.
l.1 ...^@^^@^^@sigbjobo^^@^^@^^@^^@^^@^^@^^@^^@^^@
                                                  ^^@^^@^^@^^@^^@^^@^^@^^@^^...
A funny symbol that I can't read has just been input.
Continue, and I'll forget that it ever happened.

! Text line contains an invalid character.
l.1 ...^@^^@sigbjobo^^@^^@^^@^^@^^@^^@^^@^^@^^@^^@
                                                  ^^@^^@^^@^^@^^@^^@^^@^^@^^...
A funny symbol that I can't read has just been input.
Continue, and I'll forget that it ever happened.

! Text line contains an invalid character.
l.1 ...^@sigbjobo^^@^^@^^@^^@^^@^^@^^@^^@^^@^^@^^@
                                                  ^^@^^@^^@^^@^^@^^@^^@^^@^^...
A funny symbol that I can't read has just been input.
Continue, and I'll forget that it ever happened.

! Text line contains an invalid character.
l.1 ...igbjobo^^@^^@^^@^^@^^@^^@^^@^^@^^@^^@^^@^^@
                                                  ^^@^^@^^@^^@^^@^^@^^@^^@^^...
A funny symbol that I can't read has just been input.
Continue, and I'll forget that it ever happened.

! Text line contains an invalid character.
l.1 ...jobo^^@^^@^^@^^@^^@^^@^^@^^@^^@^^@^^@^^@^^@
                                                  ^^@^^@^^@^^@^^@^^@^^@^^@^^...
A funny symbol that I can't read has just been input.
Continue, and I'll forget that it ever happened.

! Text line contains an invalid character.
l.1 ...o^^@^^@^^@^^@^^@^^@^^@^^@^^@^^@^^@^^@^^@^^@
                                                  ^^@^^@^^@^^@^^@^^@^^@^^@^^...
A funny symbol that I can't read has just been input.
Continue, and I'll forget that it ever happened.

! Text line contains an invalid character.
l.1 ...@^^@^^@^^@^^@^^@^^@^^@^^@^^@^^@^^@^^@^^@^^@
                                                  ^^@^^@^^@^^@^^@^^@^^@^^@^^...
A funny symbol that I can't read has just been input.
Continue, and I'll forget that it ever happened.

! Text line contains an invalid character.
l.1 ...@^^@^^@^^@^^@^^@^^@^^@^^@^^@^^@^^@^^@^^@^^@
                                                  ^^@^^@^^@^^@^^@^^@^^@^^@^^...
A funny symbol that I can't read has just been input.
Continue, and I'll forget that it ever happened.

! Text line contains an invalid character.
l.1 ...@^^@^^@^^@^^@^^@^^@^^@^^@^^@^^@^^@^^@^^@^^@
                                                  ^^@^^@^^@^^@^^@^^@^^@^^@^^...
A funny symbol that I can't read has just been input.
Continue, and I'll forget that it ever happened.

! Text line contains an invalid character.
l.1 ...@^^@^^@^^@^^@^^@^^@^^@^^@^^@^^@^^@^^@^^@^^@
                                                  ^^@^^@^^@^^@^^@^^@^^@^^@^^...
A funny symbol that I can't read has just been input.
Continue, and I'll forget that it ever happened.

! Text line contains an invalid character.
l.1 ...@^^@^^@^^@^^@^^@^^@^^@^^@^^@^^@^^@^^@^^@^^@
                                                  ^^@^^@^^@^^@^^@^^@^^@^^@^^...
A funny symbol that I can't read has just been input.
Continue, and I'll forget that it ever happened.

! Text line contains an invalid character.
l.1 ...@^^@^^@^^@^^@^^@^^@^^@^^@^^@^^@^^@^^@^^@^^@
                                                  ^^@^^@^^@^^@^^@^^@^^@^^@^^...
A funny symbol that I can't read has just been input.
Continue, and I'll forget that it ever happened.

! Text line contains an invalid character.
l.1 ...@^^@^^@^^@^^@^^@^^@^^@^^@^^@^^@^^@^^@^^@^^@
                                                  ^^@^^@^^@^^@^^@^^@^^@^^@^^...
A funny symbol that I can't read has just been input.
Continue, and I'll forget that it ever happened.

! Text line contains an invalid character.
l.1 ...@^^@^^@^^@^^@^^@^^@^^@^^@^^@^^@^^@^^@^^@^^@
                                                  ^^@^^@^^@^^@^^@^^@^^@^^@^^...
A funny symbol that I can't read has just been input.
Continue, and I'll forget that it ever happened.

! Text line contains an invalid character.
l.1 ...@^^@^^@^^@^^@^^@^^@^^@^^@^^@^^@^^@^^@^^@^^@
                                                  ^^@^^@^^@^^@^^@^^@^^@^^@^^...
A funny symbol that I can't read has just been input.
Continue, and I'll forget that it ever happened.

! Text line contains an invalid character.
l.1 ...@^^@^^@^^@^^@^^@^^@^^@^^@^^@^^@^^@^^@^^@^^@
                                                  ^^@^^@^^@^^@^^@^^@^^@^^@~s...
A funny symbol that I can't read has just been input.
Continue, and I'll forget that it ever happened.

! Text line contains an invalid character.
l.1 ...@^^@^^@^^@^^@^^@^^@^^@^^@^^@^^@^^@^^@^^@^^@
                                                  ^^@^^@^^@^^@^^@^^@^^@~sigb...
A funny symbol that I can't read has just been input.
Continue, and I'll forget that it ever happened.

! Text line contains an invalid character.
l.1 ...@^^@^^@^^@^^@^^@^^@^^@^^@^^@^^@^^@^^@^^@^^@
                                                  ^^@^^@^^@^^@^^@^^@~sigbjob...
A funny symbol that I can't read has just been input.
Continue, and I'll forget that it ever happened.

! Text line contains an invalid character.
l.1 ...@^^@^^@^^@^^@^^@^^@^^@^^@^^@^^@^^@^^@^^@^^@
                                                  ^^@^^@^^@^^@^^@~sigbjobo/D...
A funny symbol that I can't read has just been input.
Continue, and I'll forget that it ever happened.

! Text line contains an invalid character.
l.1 ...@^^@^^@^^@^^@^^@^^@^^@^^@^^@^^@^^@^^@^^@^^@
                                                  ^^@^^@^^@^^@~sigbjobo/Docu...
A funny symbol that I can't read has just been input.
Continue, and I'll forget that it ever happened.

! Text line contains an invalid character.
l.1 ...@^^@^^@^^@^^@^^@^^@^^@^^@^^@^^@^^@^^@^^@^^@
                                                  ^^@^^@^^@~sigbjobo/Documen...
A funny symbol that I can't read has just been input.
Continue, and I'll forget that it ever happened.

! Text line contains an invalid character.
l.1 ...@^^@^^@^^@^^@^^@^^@^^@^^@^^@^^@^^@^^@^^@^^@
                                                  ^^@^^@~sigbjobo/Documents/...
A funny symbol that I can't read has just been input.
Continue, and I'll forget that it ever happened.

! Text line contains an invalid character.
l.1 ...@^^@^^@^^@^^@^^@^^@^^@^^@^^@^^@^^@^^@^^@^^@
                                                  ^^@~sigbjobo/Documents/Pre...
A funny symbol that I can't read has just been input.
Continue, and I'll forget that it ever happened.

! Text line contains an invalid character.
l.1 ...@^^@^^@^^@^^@^^@^^@^^@^^@^^@^^@^^@^^@^^@^^@
                                                  ~sigbjobo/Documents/Pressu...
A funny symbol that I can't read has just been input.
Continue, and I'll forget that it ever happened.

Missing character: There is no s in font nullfont!
Missing character: There is no i in font nullfont!
Missing character: There is no g in font nullfont!
Missing character: There is no b in font nullfont!
Missing character: There is no j in font nullfont!
Missing character: There is no o in font nullfont!
Missing character: There is no b in font nullfont!
Missing character: There is no o in font nullfont!
Missing character: There is no / in font nullfont!
Missing character: There is no D in font nullfont!
Missing character: There is no o in font nullfont!
Missing character: There is no c in font nullfont!
Missing character: There is no u in font nullfont!
Missing character: There is no m in font nullfont!
Missing character: There is no e in font nullfont!
Missing character: There is no n in font nullfont!
Missing character: There is no t in font nullfont!
Missing character: There is no s in font nullfont!
Missing character: There is no / in font nullfont!
Missing character: There is no P in font nullfont!
Missing character: There is no r in font nullfont!
Missing character: There is no e in font nullfont!
Missing character: There is no s in font nullfont!
Missing character: There is no s in font nullfont!
Missing character: There is no u in font nullfont!
Missing character: There is no r in font nullfont!
Missing character: There is no e in font nullfont!
Missing character: There is no / in font nullfont!
Missing character: There is no P in font nullfont!
Missing character: There is no L in font nullfont!
Missing character: There is no O in font nullfont!
Missing character: There is no T in font nullfont!
Missing character: There is no S in font nullfont!
Missing character: There is no / in font nullfont!
Missing character: There is no W in font nullfont!
Missing character: There is no A in font nullfont!
Missing character: There is no T in font nullfont!
Missing character: There is no E in font nullfont!
Missing character: There is no R in font nullfont!
Missing character: There is no / in font nullfont!
Missing character: There is no W in font nullfont!
Missing character: There is no A in font nullfont!
Missing character: There is no T in font nullfont!
Missing character: There is no E in font nullfont!
Missing character: There is no R in font nullfont!
! Missing $ inserted.
<inserted text> 
                $
l.1 ...bjobo/Documents/Pressure/PLOTS/WATER/WATER_
                                                  CONTROL.tex^^@^^@^^@^^@^^@...
I've inserted a begin-math/end-math symbol since I think
you left one out. Proceed, with fingers crossed.

LaTeX Font Info:    External font `cmex10' loaded for size
(Font)              <7> on input line 1.
LaTeX Font Info:    External font `cmex10' loaded for size
(Font)              <5> on input line 1.
! Text line contains an invalid character.
l.1 ...s/Pressure/PLOTS/WATER/WATER_CONTROL.tex^^@
                                                  ^^@^^@^^@^^@^^@^^@^^@^^@^^...
A funny symbol that I can't read has just been input.
Continue, and I'll forget that it ever happened.

! Text line contains an invalid character.
l.1 ...ressure/PLOTS/WATER/WATER_CONTROL.tex^^@^^@
                                                  ^^@^^@^^@^^@^^@^^@^^@^^@^^...
A funny symbol that I can't read has just been input.
Continue, and I'll forget that it ever happened.

! Text line contains an invalid character.
l.1 ...sure/PLOTS/WATER/WATER_CONTROL.tex^^@^^@^^@
                                                  ^^@^^@^^@^^@^^@^^@^^@^^@^^...
A funny symbol that I can't read has just been input.
Continue, and I'll forget that it ever happened.

! Text line contains an invalid character.
l.1 ...e/PLOTS/WATER/WATER_CONTROL.tex^^@^^@^^@^^@
                                                  ^^@^^@^^@^^@^^@^^@^^@^^@^^...
A funny symbol that I can't read has just been input.
Continue, and I'll forget that it ever happened.

! Text line contains an invalid character.
l.1 ...LOTS/WATER/WATER_CONTROL.tex^^@^^@^^@^^@^^@
                                                  ^^@^^@^^@^^@^^@^^@^^@^^@^^...
A funny symbol that I can't read has just been input.
Continue, and I'll forget that it ever happened.

! Text line contains an invalid character.
l.1 ...S/WATER/WATER_CONTROL.tex^^@^^@^^@^^@^^@^^@
                                                  ^^@^^@^^@^^@^^@^^@^^@^^@^^...
A funny symbol that I can't read has just been input.
Continue, and I'll forget that it ever happened.

! Text line contains an invalid character.
l.1 ...ATER/WATER_CONTROL.tex^^@^^@^^@^^@^^@^^@^^@
                                                  ^^@^^@^^@^^@^^@^^@^^@^^@^^...
A funny symbol that I can't read has just been input.
Continue, and I'll forget that it ever happened.

! Text line contains an invalid character.
l.1 ...R/WATER_CONTROL.tex^^@^^@^^@^^@^^@^^@^^@^^@
                                                  ^^@^^@^^@^^@^^@^^@^^@^^@^^...
A funny symbol that I can't read has just been input.
Continue, and I'll forget that it ever happened.

! Text line contains an invalid character.
l.1 ...ATER_CONTROL.tex^^@^^@^^@^^@^^@^^@^^@^^@^^@
                                                  ^^@^^@^^@^^@^^@^^@^^@^^@^^...
A funny symbol that I can't read has just been input.
Continue, and I'll forget that it ever happened.

! Text line contains an invalid character.
l.1 ...R_CONTROL.tex^^@^^@^^@^^@^^@^^@^^@^^@^^@^^@
                                                  ^^@^^@^^@^^@^^@^^@^^@^^@^^...
A funny symbol that I can't read has just been input.
Continue, and I'll forget that it ever happened.

! Text line contains an invalid character.
l.1 ...ONTROL.tex^^@^^@^^@^^@^^@^^@^^@^^@^^@^^@^^@
                                                  ^^@^^@^^@^^@^^@^^@^^@^^@^^...
A funny symbol that I can't read has just been input.
Continue, and I'll forget that it ever happened.

! Text line contains an invalid character.
l.1 ...ROL.tex^^@^^@^^@^^@^^@^^@^^@^^@^^@^^@^^@^^@
                                                  ^^@^^@^^@^^@^^@^^@^^@^^@^^...
A funny symbol that I can't read has just been input.
Continue, and I'll forget that it ever happened.

! Text line contains an invalid character.
l.1 ....tex^^@^^@^^@^^@^^@^^@^^@^^@^^@^^@^^@^^@^^@
                                                  ^^@^^@^^@^^@^^@^^@^^@^^@^^...
A funny symbol that I can't read has just been input.
Continue, and I'll forget that it ever happened.

! Text line contains an invalid character.
l.1 ...x^^@^^@^^@^^@^^@^^@^^@^^@^^@^^@^^@^^@^^@^^@
                                                  ^^@^^@^^@^^@^^@^^@^^@^^@^^...
A funny symbol that I can't read has just been input.
Continue, and I'll forget that it ever happened.

! Text line contains an invalid character.
l.1 ...@^^@^^@^^@^^@^^@^^@^^@^^@^^@^^@^^@^^@^^@^^@
                                                  ^^@^^@^^@^^@^^@^^@^^@^^@^^...
A funny symbol that I can't read has just been input.
Continue, and I'll forget that it ever happened.

! Text line contains an invalid character.
l.1 ...@^^@^^@^^@^^@^^@^^@^^@^^@^^@^^@^^@^^@^^@^^@
                                                  ^^@^^@^^@^^@^^@^^@^^@^^@^^...
A funny symbol that I can't read has just been input.
Continue, and I'll forget that it ever happened.

! Text line contains an invalid character.
l.1 ...@^^@^^@^^@^^@^^@^^@^^@^^@^^@^^@^^@^^@^^@^^@
                                                  ^^@^^@^^@^^@^^@^^@^^@^^@^^...
A funny symbol that I can't read has just been input.
Continue, and I'll forget that it ever happened.

! Text line contains an invalid character.
l.1 ...@^^@^^@^^@^^@^^@^^@^^@^^@^^@^^@^^@^^@^^@^^@
                                                  ^^@^^@^^@^^@^^@^^@^^@^^@^^...
A funny symbol that I can't read has just been input.
Continue, and I'll forget that it ever happened.

! Text line contains an invalid character.
l.1 ...@^^@^^@^^@^^@^^@^^@^^@^^@^^@^^@^^@^^@^^@^^@
                                                  ^^@^^@^^@^^@^^@^^@^^@^^@^^...
A funny symbol that I can't read has just been input.
Continue, and I'll forget that it ever happened.

! Text line contains an invalid character.
l.1 ...@^^@^^@^^@^^@^^@^^@^^@^^@^^@^^@^^@^^@^^@^^@
                                                  ^^@^^@^^@^^@^^@^^@^^@^^@^^...
A funny symbol that I can't read has just been input.
Continue, and I'll forget that it ever happened.

! Text line contains an invalid character.
l.1 ...@^^@^^@^^@^^@^^@^^@^^@^^@^^@^^@^^@^^@^^@^^@
                                                  ^^@^^@^^@^^@^^@^^@^^@^^@^^...
(That makes 100 errors; please try again.) 
Here is how much of TeX's memory you used:
 8 strings out of 493013
 212 string characters out of 6135682
 53278 words of memory out of 5000000
 3651 multiletter control sequences out of 15000+600000
 3640 words of font info for 14 fonts, out of 8000000 for 9000
 1141 hyphenation exceptions out of 8191
 18i,1n,12p,1049b,56s stack positions out of 5000i,500n,10000p,200000b,80000s

!  ==> Fatal error occurred, no output PDF file produced!
