This is pdfTeX, Version 3.14159265-2.6-1.40.17 (TeX Live 2016/Debian) (preloaded format=pdflatex 2018.10.4)  7 OCT 2019 12:47
entering extended mode
 restricted \write18 enabled.
 %&-line parsing enabled.
**dppc_a_kst-inc.eps dppc_a_kst.tex dppc_kst-inc.eps dppc_kst.tex
(./dppc_a_kst-inc.eps
LaTeX2e <2017/01/01> patch level 3
Babel <3.9r> and hyphenation patterns for 83 language(s) loaded.

! LaTeX Error: Missing \begin{document}.

See the LaTeX manual or LaTeX Companion for explanation.
Type  H <return>  for immediate help.
 ...                                              
                                                  
l.9 /
     gnudict 256 dict def
? x
 
Here is how much of TeX's memory you used:
 7 strings out of 493013
 299 string characters out of 6135682
 53278 words of memory out of 5000000
 3649 multiletter control sequences out of 15000+600000
 3640 words of font info for 14 fonts, out of 8000000 for 9000
 1141 hyphenation exceptions out of 8191
 5i,0n,4p,106b,14s stack positions out of 5000i,500n,10000p,200000b,80000s
No pages of output.
PDF statistics:
 0 PDF objects out of 1000 (max. 8388607)
 0 named destinations out of 1000 (max. 500000)
 1 words of extra memory for PDF output out of 10000 (max. 10000000)

